<log>
<time>2015-01-03 11:06:29</time>
<msg>Localhost connected successfully at 2015-01-03 11:06:29
</msg>
<severity>0</severity>
</log>

<log>
<time>2015-01-03 11:06:29</time>
<msg>Database selected successfully at 2015-01-03 11:06:29
</msg>
<severity>0</severity>
</log>

<log>
<time>2015-01-03 11:06:29</time>
<msg>UPDATE `rater` SET `no_of_graded_codes` = no_of_graded_codes +1 WHERE `user_name` = "akashnigamm"; executed at 2015-01-03 11:06:29
</msg>
<severity>0</severity>
</log>

<log>
<time>2015-01-03 11:06:29</time>
<msg>rater table updated successfully at 2015-01-03 11:06:29
</msg>
<severity>0</severity>
</log>

<log>
<time>2015-01-03 11:06:29</time>
<msg>Reimbursement ID is calculated 1 at 2015-01-03 11:06:29
</msg>
<severity>0</severity>
</log>

<log>
<time>2015-01-03 11:06:29</time>
<msg>INSERT INTO `graded_codes` ( `rater_id_fk`, `ssid`, `uid_lcs`, `uid_lpc`, `code`, `grade`, `algo`,	`complexity`, `comment`,
	`time_spent`, `date_time`, `reimbursement_id`, `viewed_hint`) VALUES ('','1212', '7890',
	'someuidlcp' ,'#include <iostream> //For cout
#include <cstring>  //For the string functions
using namespace std;
int main()
{
  char name [20]
  cout<<"Please enter your name:";
  cin.getline ( name, 50 );
  if ( strcmp ( name, "George" } == 0 )
    cout<<"Thats my name. Keep?\n";
  else                                    // Not equal
    cout<<"You entered your name.\n";
  cout<<" Your name is " << strcat ( name ) << " and it is  " << strlen ( name ) << " letters long\n";
  cin.get();
}', '3', 'gggg', 'O(N<sup>2</sup>)', 'lhj','0h 0m 15s',
	CURRENT_TIMESTAMP,'1','1'); executed at 2015-01-03 11:06:29
</msg>
<severity>0</severity>
</log>

<log>
<time>2015-01-03 11:06:29</time>
<msg>graded_codes table updated successfully at 2015-01-03 11:06:29
</msg>
<severity>0</severity>
</log>

<log>
<time>2015-01-03 11:06:29</time>
<msg>UPDATE `rater_uid_lcs` SET  `status` = '1' WHERE  `rater_id` ='1' AND `uid_lcs` ='7890'; executed at 2015-01-03 11:06:29
</msg>
<severity>0</severity>
</log>

<log>
<time>2015-01-03 11:06:29</time>
<msg>rater_uid_lcs table updated successfully at 2015-01-03 11:06:29
</msg>
<severity>0</severity>
</log>

<log>
<time>2015-01-03 11:06:29</time>
<msg></msg>
<severity>0</severity>
</log>

<log>
<time>2015-01-03 11:06:29</time>
<msg>UPDATE `rater_ssid` SET  `status` = '1' WHERE  `rater_id` ='1' AND `ssid` ='1212'; executed at 2015-01-03 11:06:29
</msg>
<severity>0</severity>
</log>

<log>
<time>2015-01-03 11:06:29</time>
<msg>rater_ssid table updated successfully at 2015-01-03 11:06:29
</msg>
<severity>0</severity>
</log>

<log>
<time>2015-01-03 11:06:29</time>
<msg>UPDATE `graded_ssid` SET `no_of_graded_codes`=`no_of_graded_codes`+1 ,`tc_31_60`=`tc_31_60`+1  WHERE `ssid`= '1212'; executed at 2015-01-03 11:06:29
</msg>
<severity>0</severity>
</log>

<log>
<time>2015-01-03 11:06:29</time>
<msg>graded_ssid table updated successfully at 2015-01-03 11:06:29
</msg>
<severity>0</severity>
</log>

<log>
<time>2015-01-03 11:08:46</time>
<msg>Localhost connected successfully at 2015-01-03 11:08:46
</msg>
<severity>0</severity>
</log>

<log>
<time>2015-01-03 11:08:46</time>
<msg>Database selected successfully at 2015-01-03 11:08:46
</msg>
<severity>0</severity>
</log>

<log>
<time>2015-01-03 11:08:46</time>
<msg>UPDATE `rater` SET `no_of_graded_codes` = no_of_graded_codes +1 WHERE `user_name` = "akashnigamm"; executed at 2015-01-03 11:08:46
</msg>
<severity>0</severity>
</log>

<log>
<time>2015-01-03 11:08:46</time>
<msg>rater table updated successfully at 2015-01-03 11:08:46
</msg>
<severity>0</severity>
</log>

<log>
<time>2015-01-03 11:08:46</time>
<msg>Reimbursement ID is calculated 1 at 2015-01-03 11:08:46
</msg>
<severity>0</severity>
</log>

<log>
<time>2015-01-03 11:08:46</time>
<msg>INSERT INTO `graded_codes` ( `rater_id_fk`, `ssid`, `uid_lcs`, `uid_lpc`, `code`, `grade`, `algo`,	`complexity`, `comment`,
	`time_spent`, `date_time`, `reimbursement_id`, `viewed_hint`) VALUES ('','1212', '7890',
	'someuidlcp' ,'#include <iostream> //For cout
#include <cstring>  //For the string functions
using namespace std;
int main()
{
  char name [20]
  cout<<"Please enter your name:";
  cin.getline ( name, 50 );
  if ( strcmp ( name, "George" } == 0 )
    cout<<"Thats my name. Keep?\n";
  else                                    // Not equal
    cout<<"You entered your name.\n";
  cout<<" Your name is " << strcat ( name ) << " and it is  " << strlen ( name ) << " letters long\n";
  cin.get();
}', '3', 'gggg', 'O(N<sup>2</sup>)', 'lhj','0h 0m 15s',
	CURRENT_TIMESTAMP,'1','1'); executed at 2015-01-03 11:08:46
</msg>
<severity>0</severity>
</log>

<log>
<time>2015-01-03 11:08:46</time>
<msg>graded_codes table updated successfully at 2015-01-03 11:08:46
</msg>
<severity>0</severity>
</log>

<log>
<time>2015-01-03 11:08:46</time>
<msg>UPDATE `rater_uid_lcs` SET  `status` = '1' WHERE  `rater_id` ='1' AND `uid_lcs` ='7890'; executed at 2015-01-03 11:08:46
</msg>
<severity>0</severity>
</log>

<log>
<time>2015-01-03 11:08:46</time>
<msg>rater_uid_lcs table updated successfully at 2015-01-03 11:08:46
</msg>
<severity>0</severity>
</log>

<log>
<time>2015-01-03 11:08:46</time>
<msg></msg>
<severity>0</severity>
</log>

<log>
<time>2015-01-03 11:08:46</time>
<msg>UPDATE `rater_ssid` SET  `status` = '1' WHERE  `rater_id` ='1' AND `ssid` ='1212'; executed at 2015-01-03 11:08:46
</msg>
<severity>0</severity>
</log>

<log>
<time>2015-01-03 11:08:46</time>
<msg>rater_ssid table updated successfully at 2015-01-03 11:08:46
</msg>
<severity>0</severity>
</log>

<log>
<time>2015-01-03 11:08:46</time>
<msg>UPDATE `graded_ssid` SET `no_of_graded_codes`=`no_of_graded_codes`+1 ,`tc_31_60`=`tc_31_60`+1  WHERE `ssid`= '1212'; executed at 2015-01-03 11:08:46
</msg>
<severity>0</severity>
</log>

<log>
<time>2015-01-03 11:08:46</time>
<msg>graded_ssid table updated successfully at 2015-01-03 11:08:46
</msg>
<severity>0</severity>
</log>

<log>
<time>2015-01-03 11:16:42</time>
<msg>Localhost connected successfully at 2015-01-03 11:16:42
</msg>
<severity>0</severity>
</log>

<log>
<time>2015-01-03 11:16:42</time>
<msg>Database selected successfully at 2015-01-03 11:16:42
</msg>
<severity>0</severity>
</log>

<log>
<time>2015-01-03 11:16:42</time>
<msg>UPDATE `rater` SET `no_of_graded_codes` = no_of_graded_codes +1 WHERE `user_name` = "akashnigamm"; executed at 2015-01-03 11:16:42
</msg>
<severity>0</severity>
</log>

<log>
<time>2015-01-03 11:16:42</time>
<msg>rater table updated successfully at 2015-01-03 11:16:42
</msg>
<severity>0</severity>
</log>

<log>
<time>2015-01-03 11:16:42</time>
<msg>Reimbursement ID is calculated 1 at 2015-01-03 11:16:42
</msg>
<severity>0</severity>
</log>

<log>
<time>2015-01-03 11:16:42</time>
<msg>INSERT INTO `graded_codes` ( `rater_id_fk`, `ssid`, `uid_lcs`, `uid_lpc`, `code`, `grade`, `algo`,	`complexity`, `comment`,
	`time_spent`, `date_time`, `reimbursement_id`, `viewed_hint`) VALUES ('','1212', '7890',
	'someuidlcp' ,'#include <iostream> //For cout
#include <cstring>  //For the string functions
using namespace std;
int main()
{
  char name [20]
  cout<<"Please enter your name:";
  cin.getline ( name, 50 );
  if ( strcmp ( name, "George" } == 0 )
    cout<<"Thats my name. Keep?\n";
  else                                    // Not equal
    cout<<"You entered your name.\n";
  cout<<" Your name is " << strcat ( name ) << " and it is  " << strlen ( name ) << " letters long\n";
  cin.get();
}', '3', 'gggg', 'O(N<sup>2</sup>)', 'lhj','0h 0m 15s',
	CURRENT_TIMESTAMP,'1','1'); executed at 2015-01-03 11:16:42
</msg>
<severity>0</severity>
</log>

<log>
<time>2015-01-03 11:16:42</time>
<msg>graded_codes table updated successfully at 2015-01-03 11:16:42
</msg>
<severity>0</severity>
</log>

<log>
<time>2015-01-03 11:16:42</time>
<msg>UPDATE `rater_uid_lcs` SET  `status` = '1' WHERE  `rater_id` ='1' AND `uid_lcs` ='7890'; executed at 2015-01-03 11:16:42
</msg>
<severity>0</severity>
</log>

<log>
<time>2015-01-03 11:16:42</time>
<msg>rater_uid_lcs table updated successfully at 2015-01-03 11:16:42
</msg>
<severity>0</severity>
</log>

<log>
<time>2015-01-03 11:16:42</time>
<msg></msg>
<severity>0</severity>
</log>

<log>
<time>2015-01-03 11:16:42</time>
<msg>UPDATE `rater_ssid` SET  `status` = '1' WHERE  `rater_id` ='1' AND `ssid` ='1212'; executed at 2015-01-03 11:16:42
</msg>
<severity>0</severity>
</log>

<log>
<time>2015-01-03 11:16:42</time>
<msg>rater_ssid table updated successfully at 2015-01-03 11:16:42
</msg>
<severity>0</severity>
</log>

<log>
<time>2015-01-03 11:16:42</time>
<msg>UPDATE `graded_ssid` SET `no_of_graded_codes`=`no_of_graded_codes`+1 ,`tc_31_60`=`tc_31_60`+1  WHERE `ssid`= '1212'; executed at 2015-01-03 11:16:42
</msg>
<severity>0</severity>
</log>

<log>
<time>2015-01-03 11:16:42</time>
<msg>graded_ssid table updated successfully at 2015-01-03 11:16:42
</msg>
<severity>0</severity>
</log>

<log>
<time>2015-01-03 11:23:00</time>
<msg>Localhost connected successfully at 2015-01-03 11:23:00
</msg>
<severity>0</severity>
</log>

<log>
<time>2015-01-03 11:23:00</time>
<msg>Database selected successfully at 2015-01-03 11:23:00
</msg>
<severity>0</severity>
</log>

<log>
<time>2015-01-03 11:23:00</time>
<msg>UPDATE `rater` SET `no_of_graded_codes` = no_of_graded_codes +1 WHERE `user_name` = "akashnigamm"; executed at 2015-01-03 11:23:00
</msg>
<severity>0</severity>
</log>

<log>
<time>2015-01-03 11:23:00</time>
<msg>rater table updated successfully at 2015-01-03 11:23:00
</msg>
<severity>0</severity>
</log>

<log>
<time>2015-01-03 11:23:00</time>
<msg>Reimbursement ID is calculated 1 at 2015-01-03 11:23:00
</msg>
<severity>0</severity>
</log>

<log>
<time>2015-01-03 11:23:00</time>
<msg>INSERT INTO `graded_codes` ( `rater_id_fk`, `ssid`, `uid_lcs`, `uid_lpc`, `code`, `grade`, `algo`,	`complexity`, `comment`,
	`time_spent`, `date_time`, `reimbursement_id`, `viewed_hint`) VALUES ('','1212', '7890',
	'someuidlcp' ,'#include <iostream> //For cout
#include <cstring>  //For the string functions
using namespace std;
int main()
{
  char name [20]
  cout<<"Please enter your name:";
  cin.getline ( name, 50 );
  if ( strcmp ( name, "George" } == 0 )
    cout<<"Thats my name. Keep?\n";
  else                                    // Not equal
    cout<<"You entered your name.\n";
  cout<<" Your name is " << strcat ( name ) << " and it is  " << strlen ( name ) << " letters long\n";
  cin.get();
}', '3', 'gggg', 'O(N<sup>2</sup>)', 'lhj','0h 0m 15s',
	CURRENT_TIMESTAMP,'1','1'); executed at 2015-01-03 11:23:00
</msg>
<severity>0</severity>
</log>

<log>
<time>2015-01-03 11:23:00</time>
<msg>graded_codes table updated successfully at 2015-01-03 11:23:00
</msg>
<severity>0</severity>
</log>

<log>
<time>2015-01-03 11:23:00</time>
<msg>UPDATE `rater_uid_lcs` SET  `status` = '1' WHERE  `rater_id` ='1' AND `uid_lcs` ='7890'; executed at 2015-01-03 11:23:00
</msg>
<severity>0</severity>
</log>

<log>
<time>2015-01-03 11:23:00</time>
<msg>rater_uid_lcs table updated successfully at 2015-01-03 11:23:00
</msg>
<severity>0</severity>
</log>

<log>
<time>2015-01-03 11:23:00</time>
<msg></msg>
<severity>0</severity>
</log>

<log>
<time>2015-01-03 11:23:00</time>
<msg>UPDATE `rater_ssid` SET  `status` = '1' WHERE  `rater_id` ='1' AND `ssid` ='1212'; executed at 2015-01-03 11:23:00
</msg>
<severity>0</severity>
</log>

<log>
<time>2015-01-03 11:23:00</time>
<msg>rater_ssid table updated successfully at 2015-01-03 11:23:00
</msg>
<severity>0</severity>
</log>

<log>
<time>2015-01-03 11:23:00</time>
<msg>UPDATE `graded_ssid` SET `no_of_graded_codes`=`no_of_graded_codes`+1 ,`tc_31_60`=`tc_31_60`+1  WHERE `ssid`= '1212'; executed at 2015-01-03 11:23:00
</msg>
<severity>0</severity>
</log>

<log>
<time>2015-01-03 11:23:00</time>
<msg>graded_ssid table updated successfully at 2015-01-03 11:23:00
</msg>
<severity>0</severity>
</log>

<log>
<time>2015-01-03 11:23:39</time>
<msg>Localhost connected successfully at 2015-01-03 11:23:39
</msg>
<severity>0</severity>
</log>

<log>
<time>2015-01-03 11:23:39</time>
<msg>Database selected successfully at 2015-01-03 11:23:39
</msg>
<severity>0</severity>
</log>

<log>
<time>2015-01-03 11:23:39</time>
<msg>UPDATE `rater` SET `no_of_graded_codes` = no_of_graded_codes +1 WHERE `user_name` = "akashnigamm"; executed at 2015-01-03 11:23:39
</msg>
<severity>0</severity>
</log>

<log>
<time>2015-01-03 11:23:39</time>
<msg>rater table updated successfully at 2015-01-03 11:23:39
</msg>
<severity>0</severity>
</log>

<log>
<time>2015-01-03 11:23:39</time>
<msg>Reimbursement ID is calculated 1 at 2015-01-03 11:23:39
</msg>
<severity>0</severity>
</log>

<log>
<time>2015-01-03 11:23:39</time>
<msg>INSERT INTO `graded_codes` ( `rater_id_fk`, `ssid`, `uid_lcs`, `uid_lpc`, `code`, `grade`, `algo`,	`complexity`, `comment`,
	`time_spent`, `date_time`, `reimbursement_id`, `viewed_hint`) VALUES ('','1212', '7890',
	'someuidlcp' ,'#include <iostream> //For cout
#include <cstring>  //For the string functions
using namespace std;
int main()
{
  char name [20]
  cout<<"Please enter your name:";
  cin.getline ( name, 50 );
  if ( strcmp ( name, "George" } == 0 )
    cout<<"Thats my name. Keep?\n";
  else                                    // Not equal
    cout<<"You entered your name.\n";
  cout<<" Your name is " << strcat ( name ) << " and it is  " << strlen ( name ) << " letters long\n";
  cin.get();
}', '6', 'hgjhg', 'O(N logN)', 'jhgjhgjgjhgjhgjh','0h 0m 31s',
	CURRENT_TIMESTAMP,'1','1'); executed at 2015-01-03 11:23:39
</msg>
<severity>0</severity>
</log>

<log>
<time>2015-01-03 11:23:39</time>
<msg>graded_codes table updated successfully at 2015-01-03 11:23:39
</msg>
<severity>0</severity>
</log>

<log>
<time>2015-01-03 11:23:39</time>
<msg>UPDATE `rater_uid_lcs` SET  `status` = '1' WHERE  `rater_id` ='1' AND `uid_lcs` ='7890'; executed at 2015-01-03 11:23:39
</msg>
<severity>0</severity>
</log>

<log>
<time>2015-01-03 11:23:39</time>
<msg>rater_uid_lcs table updated successfully at 2015-01-03 11:23:39
</msg>
<severity>0</severity>
</log>

<log>
<time>2015-01-03 11:23:39</time>
<msg></msg>
<severity>0</severity>
</log>

<log>
<time>2015-01-03 11:23:39</time>
<msg>UPDATE `rater_ssid` SET  `status` = '1' WHERE  `rater_id` ='1' AND `ssid` ='1212'; executed at 2015-01-03 11:23:39
</msg>
<severity>0</severity>
</log>

<log>
<time>2015-01-03 11:23:39</time>
<msg>rater_ssid table updated successfully at 2015-01-03 11:23:39
</msg>
<severity>0</severity>
</log>

<log>
<time>2015-01-03 11:23:39</time>
<msg>UPDATE `graded_ssid` SET `no_of_graded_codes`=`no_of_graded_codes`+1 ,`tc_31_60`=`tc_31_60`+1  WHERE `ssid`= '1212'; executed at 2015-01-03 11:23:39
</msg>
<severity>0</severity>
</log>

<log>
<time>2015-01-03 11:23:39</time>
<msg>graded_ssid table updated successfully at 2015-01-03 11:23:39
</msg>
<severity>0</severity>
</log>

<log>
<time>2015-01-03 12:08:28</time>
<msg>Localhost connected successfully at 2015-01-03 12:08:28
</msg>
<severity>0</severity>
</log>

<log>
<time>2015-01-03 12:08:28</time>
<msg>Database selected successfully at 2015-01-03 12:08:28
</msg>
<severity>0</severity>
</log>

<log>
<time>2015-01-03 12:08:28</time>
<msg>UPDATE `rater` SET `no_of_graded_codes` = no_of_graded_codes +1 WHERE `user_name` = "akashnigamm"; executed at 2015-01-03 12:08:28
</msg>
<severity>0</severity>
</log>

<log>
<time>2015-01-03 12:08:28</time>
<msg>rater table updated successfully at 2015-01-03 12:08:28
</msg>
<severity>0</severity>
</log>

<log>
<time>2015-01-03 12:08:28</time>
<msg>Reimbursement ID is calculated 1 at 2015-01-03 12:08:28
</msg>
<severity>0</severity>
</log>

<log>
<time>2015-01-03 12:08:28</time>
<msg>INSERT INTO `graded_codes` ( `rater_id_fk`, `ssid`, `uid_lcs`, `uid_lpc`, `code`, `grade`, `algo`,	`complexity`, `comment`,
	`time_spent`, `date_time`, `reimbursement_id`, `viewed_hint`) VALUES ('','1212', '7890',
	'someuidlcp' ,'#include <iostream> //For cout
#include <cstring>  //For the string functions
using namespace std;
int main()
{
  char name [20]
  cout<<"Please enter your name:";
  cin.getline ( name, 50 );
  if ( strcmp ( name, "George" } == 0 )
    cout<<"Thats my name. Keep?\n";
  else                                    // Not equal
    cout<<"You entered your name.\n";
  cout<<" Your name is " << strcat ( name ) << " and it is  " << strlen ( name ) << " letters long\n";
  cin.get();
}', '4', 'asdfa', 'O(N)', 'ssdfsd','0h 44m 42s',
	CURRENT_TIMESTAMP,'1','1'); executed at 2015-01-03 12:08:28
</msg>
<severity>0</severity>
</log>

<log>
<time>2015-01-03 12:08:28</time>
<msg>graded_codes table updated successfully at 2015-01-03 12:08:28
</msg>
<severity>0</severity>
</log>

<log>
<time>2015-01-03 12:08:28</time>
<msg>UPDATE `rater_uid_lcs` SET  `status` = '1' WHERE  `rater_id` ='1' AND `uid_lcs` ='7890'; executed at 2015-01-03 12:08:28
</msg>
<severity>0</severity>
</log>

<log>
<time>2015-01-03 12:08:28</time>
<msg>rater_uid_lcs table updated successfully at 2015-01-03 12:08:28
</msg>
<severity>0</severity>
</log>

<log>
<time>2015-01-03 12:08:28</time>
<msg></msg>
<severity>0</severity>
</log>

<log>
<time>2015-01-03 12:08:28</time>
<msg>UPDATE `rater_ssid` SET  `status` = '1' WHERE  `rater_id` ='1' AND `ssid` ='1212'; executed at 2015-01-03 12:08:28
</msg>
<severity>0</severity>
</log>

<log>
<time>2015-01-03 12:08:28</time>
<msg>rater_ssid table updated successfully at 2015-01-03 12:08:28
</msg>
<severity>0</severity>
</log>

<log>
<time>2015-01-03 12:08:28</time>
<msg>UPDATE `graded_ssid` SET `no_of_graded_codes`=`no_of_graded_codes`+1 ,`tc_31_60`=`tc_31_60`+1  WHERE `ssid`= '1212'; executed at 2015-01-03 12:08:28
</msg>
<severity>0</severity>
</log>

<log>
<time>2015-01-03 12:08:28</time>
<msg>graded_ssid table updated successfully at 2015-01-03 12:08:28
</msg>
<severity>0</severity>
</log>

